[2022-08-07 14:32:49] local.ERROR: Symfony\Component\Routing\Route::sanitizeRequirement(): Argument #2 ($regex) must be of type string, null given, called in E:\xampp_New_Installation\htdocs\lab17laravel\vendor\symfony\routing\Route.php on line 346 {"exception":"[object] (TypeError(code: 0): Symfony\\Component\\Routing\\Route::sanitizeRequirement(): Argument #2 ($regex) must be of type string, null given, called in E:\\xampp_New_Installation\\htdocs\\lab17laravel\\vendor\\symfony\\routing\\Route.php on line 346 at E:\\xampp_New_Installation\\htdocs\\lab17laravel\\vendor\\symfony\\routing\\Route.php:431)
[stacktrace]
#0 E:\\xampp_New_Installation\\htdocs\\lab17laravel\\vendor\\symfony\\routing\\Route.php(346): Symfony\\Component\\Routing\\Route->sanitizeRequirement('id,[0-9]+', NULL)
#1 E:\\xampp_New_Installation\\htdocs\\lab17laravel\\vendor\\symfony\\routing\\Route.php(53): Symfony\\Component\\Routing\\Route->addRequirements(Array)
#2 E:\\xampp_New_Installation\\htdocs\\lab17laravel\\vendor\\laravel\\framework\\src\\Illuminate\\Routing\\Route.php(1221): Symfony\\Component\\Routing\\Route->__construct('users/{id}', Array, Array, Array, '', Array, Array)
#3 E:\\xampp_New_Installation\\htdocs\\lab17laravel\\vendor\\laravel\\framework\\src\\Illuminate\\Routing\\Route.php(343): Illuminate\\Routing\\Route->toSymfonyRoute()
#4 E:\\xampp_New_Installation\\htdocs\\lab17laravel\\vendor\\laravel\\framework\\src\\Illuminate\\Routing\\Route.php(320): Illuminate\\Routing\\Route->compileRoute()
#5 E:\\xampp_New_Installation\\htdocs\\lab17laravel\\vendor\\laravel\\framework\\src\\Illuminate\\Routing\\AbstractRouteCollection.php(83): Illuminate\\Routing\\Route->matches(Object(Illuminate\\Http\\Request), true)
#6 E:\\xampp_New_Installation\\htdocs\\lab17laravel\\vendor\\laravel\\framework\\src\\Illuminate\\Collections\\Arr.php(201): Illuminate\\Routing\\AbstractRouteCollection->Illuminate\\Routing\\{closure}(Object(Illuminate\\Routing\\Route), 'users/{id}')
#7 E:\\xampp_New_Installation\\htdocs\\lab17laravel\\vendor\\laravel\\framework\\src\\Illuminate\\Collections\\Collection.php(385): Illuminate\\Support\\Arr::first(Array, Object(Closure), NULL)
#8 E:\\xampp_New_Installation\\htdocs\\lab17laravel\\vendor\\laravel\\framework\\src\\Illuminate\\Routing\\AbstractRouteCollection.php(84): Illuminate\\Support\\Collection->first(Object(Closure))
#9 E:\\xampp_New_Installation\\htdocs\\lab17laravel\\vendor\\laravel\\framework\\src\\Illuminate\\Routing\\RouteCollection.php(160): Illuminate\\Routing\\AbstractRouteCollection->matchAgainstRoutes(Object(Illuminate\\Support\\Collection), Object(Illuminate\\Http\\Request))
#10 E:\\xampp_New_Installation\\htdocs\\lab17laravel\\vendor\\laravel\\framework\\src\\Illuminate\\Routing\\Router.php(680): Illuminate\\Routing\\RouteCollection->match(Object(Illuminate\\Http\\Request))
#11 E:\\xampp_New_Installation\\htdocs\\lab17laravel\\vendor\\laravel\\framework\\src\\Illuminate\\Routing\\Router.php(667): Illuminate\\Routing\\Router->findRoute(Object(Illuminate\\Http\\Request))
#12 E:\\xampp_New_Installation\\htdocs\\lab17laravel\\vendor\\laravel\\framework\\src\\Illuminate\\Routing\\Router.php(656): Illuminate\\Routing\\Router->dispatchToRoute(Object(Illuminate\\Http\\Request))
#13 E:\\xampp_New_Installation\\htdocs\\lab17laravel\\vendor\\laravel\\framework\\src\\Illuminate\\Foundation\\Http\\Kernel.php(167): Illuminate\\Routing\\Router->dispatch(Object(Illuminate\\Http\\Request))
#14 E:\\xampp_New_Installation\\htdocs\\lab17laravel\\vendor\\laravel\\framework\\src\\Illuminate\\Pipeline\\Pipeline.php(141): Illuminate\\Foundation\\Http\\Kernel->Illuminate\\Foundation\\Http\\{closure}(Object(Illuminate\\Http\\Request))
#15 E:\\xampp_New_Installation\\htdocs\\lab17laravel\\vendor\\laravel\\framework\\src\\Illuminate\\Foundation\\Http\\Middleware\\TransformsRequest.php(21): Illuminate\\Pipeline\\Pipeline->Illuminate\\Pipeline\\{closure}(Object(Illuminate\\Http\\Request))
#16 E:\\xampp_New_Installation\\htdocs\\lab17laravel\\vendor\\laravel\\framework\\src\\Illuminate\\Foundation\\Http\\Middleware\\ConvertEmptyStringsToNull.php(31): Illuminate\\Foundation\\Http\\Middleware\\TransformsRequest->handle(Object(Illuminate\\Http\\Request), Object(Closure))
#17 E:\\xampp_New_Installation\\htdocs\\lab17laravel\\vendor\\laravel\\framework\\src\\Illuminate\\Pipeline\\Pipeline.php(180): Illuminate\\Foundation\\Http\\Middleware\\ConvertEmptyStringsToNull->handle(Object(Illuminate\\Http\\Request), Object(Closure))
#18 E:\\xampp_New_Installation\\htdocs\\lab17laravel\\vendor\\laravel\\framework\\src\\Illuminate\\Foundation\\Http\\Middleware\\TransformsRequest.php(21): Illuminate\\Pipeline\\Pipeline->Illuminate\\Pipeline\\{closure}(Object(Illuminate\\Http\\Request))
#19 E:\\xampp_New_Installation\\htdocs\\lab17laravel\\vendor\\laravel\\framework\\src\\Illuminate\\Foundation\\Http\\Middleware\\TrimStrings.php(40): Illuminate\\Foundation\\Http\\Middleware\\TransformsRequest->handle(Object(Illuminate\\Http\\Request), Object(Closure))
#20 E:\\xampp_New_Installation\\htdocs\\lab17laravel\\vendor\\laravel\\framework\\src\\Illuminate\\Pipeline\\Pipeline.php(180): Illuminate\\Foundation\\Http\\Middleware\\TrimStrings->handle(Object(Illuminate\\Http\\Request), Object(Closure))
#21 E:\\xampp_New_Installation\\htdocs\\lab17laravel\\vendor\\laravel\\framework\\src\\Illuminate\\Foundation\\Http\\Middleware\\ValidatePostSize.php(27): Illuminate\\Pipeline\\Pipeline->Illuminate\\Pipeline\\{closure}(Object(Illuminate\\Http\\Request))
#22 E:\\xampp_New_Installation\\htdocs\\lab17laravel\\vendor\\laravel\\framework\\src\\Illuminate\\Pipeline\\Pipeline.php(180): Illuminate\\Foundation\\Http\\Middleware\\ValidatePostSize->handle(Object(Illuminate\\Http\\Request), Object(Closure))
#23 E:\\xampp_New_Installation\\htdocs\\lab17laravel\\vendor\\laravel\\framework\\src\\Illuminate\\Foundation\\Http\\Middleware\\PreventRequestsDuringMaintenance.php(86): Illuminate\\Pipeline\\Pipeline->Illuminate\\Pipeline\\{closure}(Object(Illuminate\\Http\\Request))
#24 E:\\xampp_New_Installation\\htdocs\\lab17laravel\\vendor\\laravel\\framework\\src\\Illuminate\\Pipeline\\Pipeline.php(180): Illuminate\\Foundation\\Http\\Middleware\\PreventRequestsDuringMaintenance->handle(Object(Illuminate\\Http\\Request), Object(Closure))
#25 E:\\xampp_New_Installation\\htdocs\\lab17laravel\\vendor\\laravel\\framework\\src\\Illuminate\\Http\\Middleware\\HandleCors.php(49): Illuminate\\Pipeline\\Pipeline->Illuminate\\Pipeline\\{closure}(Object(Illuminate\\Http\\Request))
#26 E:\\xampp_New_Installation\\htdocs\\lab17laravel\\vendor\\laravel\\framework\\src\\Illuminate\\Pipeline\\Pipeline.php(180): Illuminate\\Http\\Middleware\\HandleCors->handle(Object(Illuminate\\Http\\Request), Object(Closure))
#27 E:\\xampp_New_Installation\\htdocs\\lab17laravel\\vendor\\laravel\\framework\\src\\Illuminate\\Http\\Middleware\\TrustProxies.php(39): Illuminate\\Pipeline\\Pipeline->Illuminate\\Pipeline\\{closure}(Object(Illuminate\\Http\\Request))
#28 E:\\xampp_New_Installation\\htdocs\\lab17laravel\\vendor\\laravel\\framework\\src\\Illuminate\\Pipeline\\Pipeline.php(180): Illuminate\\Http\\Middleware\\TrustProxies->handle(Object(Illuminate\\Http\\Request), Object(Closure))
#29 E:\\xampp_New_Installation\\htdocs\\lab17laravel\\vendor\\laravel\\framework\\src\\Illuminate\\Pipeline\\Pipeline.php(116): Illuminate\\Pipeline\\Pipeline->Illuminate\\Pipeline\\{closure}(Object(Illuminate\\Http\\Request))
#30 E:\\xampp_New_Installation\\htdocs\\lab17laravel\\vendor\\laravel\\framework\\src\\Illuminate\\Foundation\\Http\\Kernel.php(142): Illuminate\\Pipeline\\Pipeline->then(Object(Closure))
#31 E:\\xampp_New_Installation\\htdocs\\lab17laravel\\vendor\\laravel\\framework\\src\\Illuminate\\Foundation\\Http\\Kernel.php(111): Illuminate\\Foundation\\Http\\Kernel->sendRequestThroughRouter(Object(Illuminate\\Http\\Request))
#32 E:\\xampp_New_Installation\\htdocs\\lab17laravel\\public\\index.php(52): Illuminate\\Foundation\\Http\\Kernel->handle(Object(Illuminate\\Http\\Request))
#33 E:\\xampp_New_Installation\\htdocs\\lab17laravel\\vendor\\laravel\\framework\\src\\Illuminate\\Foundation\\resources\\server.php(16): require_once('E:\\\\xampp_New_In...')
#34 {main}
"} 
[2022-08-07 14:35:18] local.ERROR: Symfony\Component\Routing\Route::sanitizeRequirement(): Argument #2 ($regex) must be of type string, null given, called in E:\xampp_New_Installation\htdocs\lab17laravel\vendor\symfony\routing\Route.php on line 346 {"exception":"[object] (TypeError(code: 0): Symfony\\Component\\Routing\\Route::sanitizeRequirement(): Argument #2 ($regex) must be of type string, null given, called in E:\\xampp_New_Installation\\htdocs\\lab17laravel\\vendor\\symfony\\routing\\Route.php on line 346 at E:\\xampp_New_Installation\\htdocs\\lab17laravel\\vendor\\symfony\\routing\\Route.php:431)
[stacktrace]
#0 E:\\xampp_New_Installation\\htdocs\\lab17laravel\\vendor\\symfony\\routing\\Route.php(346): Symfony\\Component\\Routing\\Route->sanitizeRequirement('id,[0-9]+', NULL)
#1 E:\\xampp_New_Installation\\htdocs\\lab17laravel\\vendor\\symfony\\routing\\Route.php(53): Symfony\\Component\\Routing\\Route->addRequirements(Array)
#2 E:\\xampp_New_Installation\\htdocs\\lab17laravel\\vendor\\laravel\\framework\\src\\Illuminate\\Routing\\Route.php(1221): Symfony\\Component\\Routing\\Route->__construct('users/{id}', Array, Array, Array, '', Array, Array)
#3 E:\\xampp_New_Installation\\htdocs\\lab17laravel\\vendor\\laravel\\framework\\src\\Illuminate\\Routing\\Route.php(343): Illuminate\\Routing\\Route->toSymfonyRoute()
#4 E:\\xampp_New_Installation\\htdocs\\lab17laravel\\vendor\\laravel\\framework\\src\\Illuminate\\Routing\\Route.php(320): Illuminate\\Routing\\Route->compileRoute()
#5 E:\\xampp_New_Installation\\htdocs\\lab17laravel\\vendor\\laravel\\framework\\src\\Illuminate\\Routing\\AbstractRouteCollection.php(83): Illuminate\\Routing\\Route->matches(Object(Illuminate\\Http\\Request), true)
#6 E:\\xampp_New_Installation\\htdocs\\lab17laravel\\vendor\\laravel\\framework\\src\\Illuminate\\Collections\\Arr.php(201): Illuminate\\Routing\\AbstractRouteCollection->Illuminate\\Routing\\{closure}(Object(Illuminate\\Routing\\Route), 'users/{id}')
#7 E:\\xampp_New_Installation\\htdocs\\lab17laravel\\vendor\\laravel\\framework\\src\\Illuminate\\Collections\\Collection.php(385): Illuminate\\Support\\Arr::first(Array, Object(Closure), NULL)
#8 E:\\xampp_New_Installation\\htdocs\\lab17laravel\\vendor\\laravel\\framework\\src\\Illuminate\\Routing\\AbstractRouteCollection.php(84): Illuminate\\Support\\Collection->first(Object(Closure))
#9 E:\\xampp_New_Installation\\htdocs\\lab17laravel\\vendor\\laravel\\framework\\src\\Illuminate\\Routing\\RouteCollection.php(160): Illuminate\\Routing\\AbstractRouteCollection->matchAgainstRoutes(Object(Illuminate\\Support\\Collection), Object(Illuminate\\Http\\Request))
#10 E:\\xampp_New_Installation\\htdocs\\lab17laravel\\vendor\\laravel\\framework\\src\\Illuminate\\Routing\\Router.php(680): Illuminate\\Routing\\RouteCollection->match(Object(Illuminate\\Http\\Request))
#11 E:\\xampp_New_Installation\\htdocs\\lab17laravel\\vendor\\laravel\\framework\\src\\Illuminate\\Routing\\Router.php(667): Illuminate\\Routing\\Router->findRoute(Object(Illuminate\\Http\\Request))
#12 E:\\xampp_New_Installation\\htdocs\\lab17laravel\\vendor\\laravel\\framework\\src\\Illuminate\\Routing\\Router.php(656): Illuminate\\Routing\\Router->dispatchToRoute(Object(Illuminate\\Http\\Request))
#13 E:\\xampp_New_Installation\\htdocs\\lab17laravel\\vendor\\laravel\\framework\\src\\Illuminate\\Foundation\\Http\\Kernel.php(167): Illuminate\\Routing\\Router->dispatch(Object(Illuminate\\Http\\Request))
#14 E:\\xampp_New_Installation\\htdocs\\lab17laravel\\vendor\\laravel\\framework\\src\\Illuminate\\Pipeline\\Pipeline.php(141): Illuminate\\Foundation\\Http\\Kernel->Illuminate\\Foundation\\Http\\{closure}(Object(Illuminate\\Http\\Request))
#15 E:\\xampp_New_Installation\\htdocs\\lab17laravel\\vendor\\laravel\\framework\\src\\Illuminate\\Foundation\\Http\\Middleware\\TransformsRequest.php(21): Illuminate\\Pipeline\\Pipeline->Illuminate\\Pipeline\\{closure}(Object(Illuminate\\Http\\Request))
#16 E:\\xampp_New_Installation\\htdocs\\lab17laravel\\vendor\\laravel\\framework\\src\\Illuminate\\Foundation\\Http\\Middleware\\ConvertEmptyStringsToNull.php(31): Illuminate\\Foundation\\Http\\Middleware\\TransformsRequest->handle(Object(Illuminate\\Http\\Request), Object(Closure))
#17 E:\\xampp_New_Installation\\htdocs\\lab17laravel\\vendor\\laravel\\framework\\src\\Illuminate\\Pipeline\\Pipeline.php(180): Illuminate\\Foundation\\Http\\Middleware\\ConvertEmptyStringsToNull->handle(Object(Illuminate\\Http\\Request), Object(Closure))
#18 E:\\xampp_New_Installation\\htdocs\\lab17laravel\\vendor\\laravel\\framework\\src\\Illuminate\\Foundation\\Http\\Middleware\\TransformsRequest.php(21): Illuminate\\Pipeline\\Pipeline->Illuminate\\Pipeline\\{closure}(Object(Illuminate\\Http\\Request))
#19 E:\\xampp_New_Installation\\htdocs\\lab17laravel\\vendor\\laravel\\framework\\src\\Illuminate\\Foundation\\Http\\Middleware\\TrimStrings.php(40): Illuminate\\Foundation\\Http\\Middleware\\TransformsRequest->handle(Object(Illuminate\\Http\\Request), Object(Closure))
#20 E:\\xampp_New_Installation\\htdocs\\lab17laravel\\vendor\\laravel\\framework\\src\\Illuminate\\Pipeline\\Pipeline.php(180): Illuminate\\Foundation\\Http\\Middleware\\TrimStrings->handle(Object(Illuminate\\Http\\Request), Object(Closure))
#21 E:\\xampp_New_Installation\\htdocs\\lab17laravel\\vendor\\laravel\\framework\\src\\Illuminate\\Foundation\\Http\\Middleware\\ValidatePostSize.php(27): Illuminate\\Pipeline\\Pipeline->Illuminate\\Pipeline\\{closure}(Object(Illuminate\\Http\\Request))
#22 E:\\xampp_New_Installation\\htdocs\\lab17laravel\\vendor\\laravel\\framework\\src\\Illuminate\\Pipeline\\Pipeline.php(180): Illuminate\\Foundation\\Http\\Middleware\\ValidatePostSize->handle(Object(Illuminate\\Http\\Request), Object(Closure))
#23 E:\\xampp_New_Installation\\htdocs\\lab17laravel\\vendor\\laravel\\framework\\src\\Illuminate\\Foundation\\Http\\Middleware\\PreventRequestsDuringMaintenance.php(86): Illuminate\\Pipeline\\Pipeline->Illuminate\\Pipeline\\{closure}(Object(Illuminate\\Http\\Request))
#24 E:\\xampp_New_Installation\\htdocs\\lab17laravel\\vendor\\laravel\\framework\\src\\Illuminate\\Pipeline\\Pipeline.php(180): Illuminate\\Foundation\\Http\\Middleware\\PreventRequestsDuringMaintenance->handle(Object(Illuminate\\Http\\Request), Object(Closure))
#25 E:\\xampp_New_Installation\\htdocs\\lab17laravel\\vendor\\laravel\\framework\\src\\Illuminate\\Http\\Middleware\\HandleCors.php(49): Illuminate\\Pipeline\\Pipeline->Illuminate\\Pipeline\\{closure}(Object(Illuminate\\Http\\Request))
#26 E:\\xampp_New_Installation\\htdocs\\lab17laravel\\vendor\\laravel\\framework\\src\\Illuminate\\Pipeline\\Pipeline.php(180): Illuminate\\Http\\Middleware\\HandleCors->handle(Object(Illuminate\\Http\\Request), Object(Closure))
#27 E:\\xampp_New_Installation\\htdocs\\lab17laravel\\vendor\\laravel\\framework\\src\\Illuminate\\Http\\Middleware\\TrustProxies.php(39): Illuminate\\Pipeline\\Pipeline->Illuminate\\Pipeline\\{closure}(Object(Illuminate\\Http\\Request))
#28 E:\\xampp_New_Installation\\htdocs\\lab17laravel\\vendor\\laravel\\framework\\src\\Illuminate\\Pipeline\\Pipeline.php(180): Illuminate\\Http\\Middleware\\TrustProxies->handle(Object(Illuminate\\Http\\Request), Object(Closure))
#29 E:\\xampp_New_Installation\\htdocs\\lab17laravel\\vendor\\laravel\\framework\\src\\Illuminate\\Pipeline\\Pipeline.php(116): Illuminate\\Pipeline\\Pipeline->Illuminate\\Pipeline\\{closure}(Object(Illuminate\\Http\\Request))
#30 E:\\xampp_New_Installation\\htdocs\\lab17laravel\\vendor\\laravel\\framework\\src\\Illuminate\\Foundation\\Http\\Kernel.php(142): Illuminate\\Pipeline\\Pipeline->then(Object(Closure))
#31 E:\\xampp_New_Installation\\htdocs\\lab17laravel\\vendor\\laravel\\framework\\src\\Illuminate\\Foundation\\Http\\Kernel.php(111): Illuminate\\Foundation\\Http\\Kernel->sendRequestThroughRouter(Object(Illuminate\\Http\\Request))
#32 E:\\xampp_New_Installation\\htdocs\\lab17laravel\\public\\index.php(52): Illuminate\\Foundation\\Http\\Kernel->handle(Object(Illuminate\\Http\\Request))
#33 E:\\xampp_New_Installation\\htdocs\\lab17laravel\\vendor\\laravel\\framework\\src\\Illuminate\\Foundation\\resources\\server.php(16): require_once('E:\\\\xampp_New_In...')
#34 {main}
"} 
[2022-08-07 14:40:56] local.ERROR: Symfony\Component\Routing\Route::sanitizeRequirement(): Argument #2 ($regex) must be of type string, null given, called in E:\xampp_New_Installation\htdocs\lab17laravel\vendor\symfony\routing\Route.php on line 346 {"exception":"[object] (TypeError(code: 0): Symfony\\Component\\Routing\\Route::sanitizeRequirement(): Argument #2 ($regex) must be of type string, null given, called in E:\\xampp_New_Installation\\htdocs\\lab17laravel\\vendor\\symfony\\routing\\Route.php on line 346 at E:\\xampp_New_Installation\\htdocs\\lab17laravel\\vendor\\symfony\\routing\\Route.php:431)
[stacktrace]
#0 E:\\xampp_New_Installation\\htdocs\\lab17laravel\\vendor\\symfony\\routing\\Route.php(346): Symfony\\Component\\Routing\\Route->sanitizeRequirement('id,[0-9]+', NULL)
#1 E:\\xampp_New_Installation\\htdocs\\lab17laravel\\vendor\\symfony\\routing\\Route.php(53): Symfony\\Component\\Routing\\Route->addRequirements(Array)
#2 E:\\xampp_New_Installation\\htdocs\\lab17laravel\\vendor\\laravel\\framework\\src\\Illuminate\\Routing\\Route.php(1221): Symfony\\Component\\Routing\\Route->__construct('users/{id}', Array, Array, Array, '', Array, Array)
#3 E:\\xampp_New_Installation\\htdocs\\lab17laravel\\vendor\\laravel\\framework\\src\\Illuminate\\Routing\\Route.php(343): Illuminate\\Routing\\Route->toSymfonyRoute()
#4 E:\\xampp_New_Installation\\htdocs\\lab17laravel\\vendor\\laravel\\framework\\src\\Illuminate\\Routing\\Route.php(320): Illuminate\\Routing\\Route->compileRoute()
#5 E:\\xampp_New_Installation\\htdocs\\lab17laravel\\vendor\\laravel\\framework\\src\\Illuminate\\Routing\\AbstractRouteCollection.php(83): Illuminate\\Routing\\Route->matches(Object(Illuminate\\Http\\Request), true)
#6 E:\\xampp_New_Installation\\htdocs\\lab17laravel\\vendor\\laravel\\framework\\src\\Illuminate\\Collections\\Arr.php(201): Illuminate\\Routing\\AbstractRouteCollection->Illuminate\\Routing\\{closure}(Object(Illuminate\\Routing\\Route), 'users/{id}')
#7 E:\\xampp_New_Installation\\htdocs\\lab17laravel\\vendor\\laravel\\framework\\src\\Illuminate\\Collections\\Collection.php(385): Illuminate\\Support\\Arr::first(Array, Object(Closure), NULL)
#8 E:\\xampp_New_Installation\\htdocs\\lab17laravel\\vendor\\laravel\\framework\\src\\Illuminate\\Routing\\AbstractRouteCollection.php(84): Illuminate\\Support\\Collection->first(Object(Closure))
#9 E:\\xampp_New_Installation\\htdocs\\lab17laravel\\vendor\\laravel\\framework\\src\\Illuminate\\Routing\\RouteCollection.php(160): Illuminate\\Routing\\AbstractRouteCollection->matchAgainstRoutes(Object(Illuminate\\Support\\Collection), Object(Illuminate\\Http\\Request))
#10 E:\\xampp_New_Installation\\htdocs\\lab17laravel\\vendor\\laravel\\framework\\src\\Illuminate\\Routing\\Router.php(680): Illuminate\\Routing\\RouteCollection->match(Object(Illuminate\\Http\\Request))
#11 E:\\xampp_New_Installation\\htdocs\\lab17laravel\\vendor\\laravel\\framework\\src\\Illuminate\\Routing\\Router.php(667): Illuminate\\Routing\\Router->findRoute(Object(Illuminate\\Http\\Request))
#12 E:\\xampp_New_Installation\\htdocs\\lab17laravel\\vendor\\laravel\\framework\\src\\Illuminate\\Routing\\Router.php(656): Illuminate\\Routing\\Router->dispatchToRoute(Object(Illuminate\\Http\\Request))
#13 E:\\xampp_New_Installation\\htdocs\\lab17laravel\\vendor\\laravel\\framework\\src\\Illuminate\\Foundation\\Http\\Kernel.php(167): Illuminate\\Routing\\Router->dispatch(Object(Illuminate\\Http\\Request))
#14 E:\\xampp_New_Installation\\htdocs\\lab17laravel\\vendor\\laravel\\framework\\src\\Illuminate\\Pipeline\\Pipeline.php(141): Illuminate\\Foundation\\Http\\Kernel->Illuminate\\Foundation\\Http\\{closure}(Object(Illuminate\\Http\\Request))
#15 E:\\xampp_New_Installation\\htdocs\\lab17laravel\\vendor\\laravel\\framework\\src\\Illuminate\\Foundation\\Http\\Middleware\\TransformsRequest.php(21): Illuminate\\Pipeline\\Pipeline->Illuminate\\Pipeline\\{closure}(Object(Illuminate\\Http\\Request))
#16 E:\\xampp_New_Installation\\htdocs\\lab17laravel\\vendor\\laravel\\framework\\src\\Illuminate\\Foundation\\Http\\Middleware\\ConvertEmptyStringsToNull.php(31): Illuminate\\Foundation\\Http\\Middleware\\TransformsRequest->handle(Object(Illuminate\\Http\\Request), Object(Closure))
#17 E:\\xampp_New_Installation\\htdocs\\lab17laravel\\vendor\\laravel\\framework\\src\\Illuminate\\Pipeline\\Pipeline.php(180): Illuminate\\Foundation\\Http\\Middleware\\ConvertEmptyStringsToNull->handle(Object(Illuminate\\Http\\Request), Object(Closure))
#18 E:\\xampp_New_Installation\\htdocs\\lab17laravel\\vendor\\laravel\\framework\\src\\Illuminate\\Foundation\\Http\\Middleware\\TransformsRequest.php(21): Illuminate\\Pipeline\\Pipeline->Illuminate\\Pipeline\\{closure}(Object(Illuminate\\Http\\Request))
#19 E:\\xampp_New_Installation\\htdocs\\lab17laravel\\vendor\\laravel\\framework\\src\\Illuminate\\Foundation\\Http\\Middleware\\TrimStrings.php(40): Illuminate\\Foundation\\Http\\Middleware\\TransformsRequest->handle(Object(Illuminate\\Http\\Request), Object(Closure))
#20 E:\\xampp_New_Installation\\htdocs\\lab17laravel\\vendor\\laravel\\framework\\src\\Illuminate\\Pipeline\\Pipeline.php(180): Illuminate\\Foundation\\Http\\Middleware\\TrimStrings->handle(Object(Illuminate\\Http\\Request), Object(Closure))
#21 E:\\xampp_New_Installation\\htdocs\\lab17laravel\\vendor\\laravel\\framework\\src\\Illuminate\\Foundation\\Http\\Middleware\\ValidatePostSize.php(27): Illuminate\\Pipeline\\Pipeline->Illuminate\\Pipeline\\{closure}(Object(Illuminate\\Http\\Request))
#22 E:\\xampp_New_Installation\\htdocs\\lab17laravel\\vendor\\laravel\\framework\\src\\Illuminate\\Pipeline\\Pipeline.php(180): Illuminate\\Foundation\\Http\\Middleware\\ValidatePostSize->handle(Object(Illuminate\\Http\\Request), Object(Closure))
#23 E:\\xampp_New_Installation\\htdocs\\lab17laravel\\vendor\\laravel\\framework\\src\\Illuminate\\Foundation\\Http\\Middleware\\PreventRequestsDuringMaintenance.php(86): Illuminate\\Pipeline\\Pipeline->Illuminate\\Pipeline\\{closure}(Object(Illuminate\\Http\\Request))
#24 E:\\xampp_New_Installation\\htdocs\\lab17laravel\\vendor\\laravel\\framework\\src\\Illuminate\\Pipeline\\Pipeline.php(180): Illuminate\\Foundation\\Http\\Middleware\\PreventRequestsDuringMaintenance->handle(Object(Illuminate\\Http\\Request), Object(Closure))
#25 E:\\xampp_New_Installation\\htdocs\\lab17laravel\\vendor\\laravel\\framework\\src\\Illuminate\\Http\\Middleware\\HandleCors.php(49): Illuminate\\Pipeline\\Pipeline->Illuminate\\Pipeline\\{closure}(Object(Illuminate\\Http\\Request))
#26 E:\\xampp_New_Installation\\htdocs\\lab17laravel\\vendor\\laravel\\framework\\src\\Illuminate\\Pipeline\\Pipeline.php(180): Illuminate\\Http\\Middleware\\HandleCors->handle(Object(Illuminate\\Http\\Request), Object(Closure))
#27 E:\\xampp_New_Installation\\htdocs\\lab17laravel\\vendor\\laravel\\framework\\src\\Illuminate\\Http\\Middleware\\TrustProxies.php(39): Illuminate\\Pipeline\\Pipeline->Illuminate\\Pipeline\\{closure}(Object(Illuminate\\Http\\Request))
#28 E:\\xampp_New_Installation\\htdocs\\lab17laravel\\vendor\\laravel\\framework\\src\\Illuminate\\Pipeline\\Pipeline.php(180): Illuminate\\Http\\Middleware\\TrustProxies->handle(Object(Illuminate\\Http\\Request), Object(Closure))
#29 E:\\xampp_New_Installation\\htdocs\\lab17laravel\\vendor\\laravel\\framework\\src\\Illuminate\\Pipeline\\Pipeline.php(116): Illuminate\\Pipeline\\Pipeline->Illuminate\\Pipeline\\{closure}(Object(Illuminate\\Http\\Request))
#30 E:\\xampp_New_Installation\\htdocs\\lab17laravel\\vendor\\laravel\\framework\\src\\Illuminate\\Foundation\\Http\\Kernel.php(142): Illuminate\\Pipeline\\Pipeline->then(Object(Closure))
#31 E:\\xampp_New_Installation\\htdocs\\lab17laravel\\vendor\\laravel\\framework\\src\\Illuminate\\Foundation\\Http\\Kernel.php(111): Illuminate\\Foundation\\Http\\Kernel->sendRequestThroughRouter(Object(Illuminate\\Http\\Request))
#32 E:\\xampp_New_Installation\\htdocs\\lab17laravel\\public\\index.php(52): Illuminate\\Foundation\\Http\\Kernel->handle(Object(Illuminate\\Http\\Request))
#33 E:\\xampp_New_Installation\\htdocs\\lab17laravel\\vendor\\laravel\\framework\\src\\Illuminate\\Foundation\\resources\\server.php(16): require_once('E:\\\\xampp_New_In...')
#34 {main}
"} 
[2022-08-07 14:41:37] local.ERROR: Symfony\Component\Routing\Route::sanitizeRequirement(): Argument #2 ($regex) must be of type string, null given, called in E:\xampp_New_Installation\htdocs\lab17laravel\vendor\symfony\routing\Route.php on line 346 {"exception":"[object] (TypeError(code: 0): Symfony\\Component\\Routing\\Route::sanitizeRequirement(): Argument #2 ($regex) must be of type string, null given, called in E:\\xampp_New_Installation\\htdocs\\lab17laravel\\vendor\\symfony\\routing\\Route.php on line 346 at E:\\xampp_New_Installation\\htdocs\\lab17laravel\\vendor\\symfony\\routing\\Route.php:431)
[stacktrace]
#0 E:\\xampp_New_Installation\\htdocs\\lab17laravel\\vendor\\symfony\\routing\\Route.php(346): Symfony\\Component\\Routing\\Route->sanitizeRequirement('id,[0-9]+', NULL)
#1 E:\\xampp_New_Installation\\htdocs\\lab17laravel\\vendor\\symfony\\routing\\Route.php(53): Symfony\\Component\\Routing\\Route->addRequirements(Array)
#2 E:\\xampp_New_Installation\\htdocs\\lab17laravel\\vendor\\laravel\\framework\\src\\Illuminate\\Routing\\Route.php(1221): Symfony\\Component\\Routing\\Route->__construct('users/{id}', Array, Array, Array, '', Array, Array)
#3 E:\\xampp_New_Installation\\htdocs\\lab17laravel\\vendor\\laravel\\framework\\src\\Illuminate\\Routing\\Route.php(343): Illuminate\\Routing\\Route->toSymfonyRoute()
#4 E:\\xampp_New_Installation\\htdocs\\lab17laravel\\vendor\\laravel\\framework\\src\\Illuminate\\Routing\\Route.php(320): Illuminate\\Routing\\Route->compileRoute()
#5 E:\\xampp_New_Installation\\htdocs\\lab17laravel\\vendor\\laravel\\framework\\src\\Illuminate\\Routing\\AbstractRouteCollection.php(83): Illuminate\\Routing\\Route->matches(Object(Illuminate\\Http\\Request), true)
#6 E:\\xampp_New_Installation\\htdocs\\lab17laravel\\vendor\\laravel\\framework\\src\\Illuminate\\Collections\\Arr.php(201): Illuminate\\Routing\\AbstractRouteCollection->Illuminate\\Routing\\{closure}(Object(Illuminate\\Routing\\Route), 'users/{id}')
#7 E:\\xampp_New_Installation\\htdocs\\lab17laravel\\vendor\\laravel\\framework\\src\\Illuminate\\Collections\\Collection.php(385): Illuminate\\Support\\Arr::first(Array, Object(Closure), NULL)
#8 E:\\xampp_New_Installation\\htdocs\\lab17laravel\\vendor\\laravel\\framework\\src\\Illuminate\\Routing\\AbstractRouteCollection.php(84): Illuminate\\Support\\Collection->first(Object(Closure))
#9 E:\\xampp_New_Installation\\htdocs\\lab17laravel\\vendor\\laravel\\framework\\src\\Illuminate\\Routing\\RouteCollection.php(160): Illuminate\\Routing\\AbstractRouteCollection->matchAgainstRoutes(Object(Illuminate\\Support\\Collection), Object(Illuminate\\Http\\Request))
#10 E:\\xampp_New_Installation\\htdocs\\lab17laravel\\vendor\\laravel\\framework\\src\\Illuminate\\Routing\\Router.php(680): Illuminate\\Routing\\RouteCollection->match(Object(Illuminate\\Http\\Request))
#11 E:\\xampp_New_Installation\\htdocs\\lab17laravel\\vendor\\laravel\\framework\\src\\Illuminate\\Routing\\Router.php(667): Illuminate\\Routing\\Router->findRoute(Object(Illuminate\\Http\\Request))
#12 E:\\xampp_New_Installation\\htdocs\\lab17laravel\\vendor\\laravel\\framework\\src\\Illuminate\\Routing\\Router.php(656): Illuminate\\Routing\\Router->dispatchToRoute(Object(Illuminate\\Http\\Request))
#13 E:\\xampp_New_Installation\\htdocs\\lab17laravel\\vendor\\laravel\\framework\\src\\Illuminate\\Foundation\\Http\\Kernel.php(167): Illuminate\\Routing\\Router->dispatch(Object(Illuminate\\Http\\Request))
#14 E:\\xampp_New_Installation\\htdocs\\lab17laravel\\vendor\\laravel\\framework\\src\\Illuminate\\Pipeline\\Pipeline.php(141): Illuminate\\Foundation\\Http\\Kernel->Illuminate\\Foundation\\Http\\{closure}(Object(Illuminate\\Http\\Request))
#15 E:\\xampp_New_Installation\\htdocs\\lab17laravel\\vendor\\laravel\\framework\\src\\Illuminate\\Foundation\\Http\\Middleware\\TransformsRequest.php(21): Illuminate\\Pipeline\\Pipeline->Illuminate\\Pipeline\\{closure}(Object(Illuminate\\Http\\Request))
#16 E:\\xampp_New_Installation\\htdocs\\lab17laravel\\vendor\\laravel\\framework\\src\\Illuminate\\Foundation\\Http\\Middleware\\ConvertEmptyStringsToNull.php(31): Illuminate\\Foundation\\Http\\Middleware\\TransformsRequest->handle(Object(Illuminate\\Http\\Request), Object(Closure))
#17 E:\\xampp_New_Installation\\htdocs\\lab17laravel\\vendor\\laravel\\framework\\src\\Illuminate\\Pipeline\\Pipeline.php(180): Illuminate\\Foundation\\Http\\Middleware\\ConvertEmptyStringsToNull->handle(Object(Illuminate\\Http\\Request), Object(Closure))
#18 E:\\xampp_New_Installation\\htdocs\\lab17laravel\\vendor\\laravel\\framework\\src\\Illuminate\\Foundation\\Http\\Middleware\\TransformsRequest.php(21): Illuminate\\Pipeline\\Pipeline->Illuminate\\Pipeline\\{closure}(Object(Illuminate\\Http\\Request))
#19 E:\\xampp_New_Installation\\htdocs\\lab17laravel\\vendor\\laravel\\framework\\src\\Illuminate\\Foundation\\Http\\Middleware\\TrimStrings.php(40): Illuminate\\Foundation\\Http\\Middleware\\TransformsRequest->handle(Object(Illuminate\\Http\\Request), Object(Closure))
#20 E:\\xampp_New_Installation\\htdocs\\lab17laravel\\vendor\\laravel\\framework\\src\\Illuminate\\Pipeline\\Pipeline.php(180): Illuminate\\Foundation\\Http\\Middleware\\TrimStrings->handle(Object(Illuminate\\Http\\Request), Object(Closure))
#21 E:\\xampp_New_Installation\\htdocs\\lab17laravel\\vendor\\laravel\\framework\\src\\Illuminate\\Foundation\\Http\\Middleware\\ValidatePostSize.php(27): Illuminate\\Pipeline\\Pipeline->Illuminate\\Pipeline\\{closure}(Object(Illuminate\\Http\\Request))
#22 E:\\xampp_New_Installation\\htdocs\\lab17laravel\\vendor\\laravel\\framework\\src\\Illuminate\\Pipeline\\Pipeline.php(180): Illuminate\\Foundation\\Http\\Middleware\\ValidatePostSize->handle(Object(Illuminate\\Http\\Request), Object(Closure))
#23 E:\\xampp_New_Installation\\htdocs\\lab17laravel\\vendor\\laravel\\framework\\src\\Illuminate\\Foundation\\Http\\Middleware\\PreventRequestsDuringMaintenance.php(86): Illuminate\\Pipeline\\Pipeline->Illuminate\\Pipeline\\{closure}(Object(Illuminate\\Http\\Request))
#24 E:\\xampp_New_Installation\\htdocs\\lab17laravel\\vendor\\laravel\\framework\\src\\Illuminate\\Pipeline\\Pipeline.php(180): Illuminate\\Foundation\\Http\\Middleware\\PreventRequestsDuringMaintenance->handle(Object(Illuminate\\Http\\Request), Object(Closure))
#25 E:\\xampp_New_Installation\\htdocs\\lab17laravel\\vendor\\laravel\\framework\\src\\Illuminate\\Http\\Middleware\\HandleCors.php(49): Illuminate\\Pipeline\\Pipeline->Illuminate\\Pipeline\\{closure}(Object(Illuminate\\Http\\Request))
#26 E:\\xampp_New_Installation\\htdocs\\lab17laravel\\vendor\\laravel\\framework\\src\\Illuminate\\Pipeline\\Pipeline.php(180): Illuminate\\Http\\Middleware\\HandleCors->handle(Object(Illuminate\\Http\\Request), Object(Closure))
#27 E:\\xampp_New_Installation\\htdocs\\lab17laravel\\vendor\\laravel\\framework\\src\\Illuminate\\Http\\Middleware\\TrustProxies.php(39): Illuminate\\Pipeline\\Pipeline->Illuminate\\Pipeline\\{closure}(Object(Illuminate\\Http\\Request))
#28 E:\\xampp_New_Installation\\htdocs\\lab17laravel\\vendor\\laravel\\framework\\src\\Illuminate\\Pipeline\\Pipeline.php(180): Illuminate\\Http\\Middleware\\TrustProxies->handle(Object(Illuminate\\Http\\Request), Object(Closure))
#29 E:\\xampp_New_Installation\\htdocs\\lab17laravel\\vendor\\laravel\\framework\\src\\Illuminate\\Pipeline\\Pipeline.php(116): Illuminate\\Pipeline\\Pipeline->Illuminate\\Pipeline\\{closure}(Object(Illuminate\\Http\\Request))
#30 E:\\xampp_New_Installation\\htdocs\\lab17laravel\\vendor\\laravel\\framework\\src\\Illuminate\\Foundation\\Http\\Kernel.php(142): Illuminate\\Pipeline\\Pipeline->then(Object(Closure))
#31 E:\\xampp_New_Installation\\htdocs\\lab17laravel\\vendor\\laravel\\framework\\src\\Illuminate\\Foundation\\Http\\Kernel.php(111): Illuminate\\Foundation\\Http\\Kernel->sendRequestThroughRouter(Object(Illuminate\\Http\\Request))
#32 E:\\xampp_New_Installation\\htdocs\\lab17laravel\\public\\index.php(52): Illuminate\\Foundation\\Http\\Kernel->handle(Object(Illuminate\\Http\\Request))
#33 E:\\xampp_New_Installation\\htdocs\\lab17laravel\\vendor\\laravel\\framework\\src\\Illuminate\\Foundation\\resources\\server.php(16): require_once('E:\\\\xampp_New_In...')
#34 {main}
"} 
[2022-08-07 14:42:12] local.ERROR: Too few arguments to function App\HTTP\Controllers\UserController::store(), 1 passed in E:\xampp_New_Installation\htdocs\lab17laravel\vendor\laravel\framework\src\Illuminate\Routing\Controller.php on line 54 and exactly 2 expected {"exception":"[object] (ArgumentCountError(code: 0): Too few arguments to function App\\HTTP\\Controllers\\UserController::store(), 1 passed in E:\\xampp_New_Installation\\htdocs\\lab17laravel\\vendor\\laravel\\framework\\src\\Illuminate\\Routing\\Controller.php on line 54 and exactly 2 expected at E:\\xampp_New_Installation\\htdocs\\lab17laravel\\app\\Http\\Controllers\\UserController.php:22)
[stacktrace]
#0 E:\\xampp_New_Installation\\htdocs\\lab17laravel\\vendor\\laravel\\framework\\src\\Illuminate\\Routing\\Controller.php(54): App\\HTTP\\Controllers\\UserController->store(Object(Illuminate\\Http\\Request))
#1 E:\\xampp_New_Installation\\htdocs\\lab17laravel\\vendor\\laravel\\framework\\src\\Illuminate\\Routing\\ControllerDispatcher.php(45): Illuminate\\Routing\\Controller->callAction('store', Array)
#2 E:\\xampp_New_Installation\\htdocs\\lab17laravel\\vendor\\laravel\\framework\\src\\Illuminate\\Routing\\Route.php(261): Illuminate\\Routing\\ControllerDispatcher->dispatch(Object(Illuminate\\Routing\\Route), Object(App\\HTTP\\Controllers\\UserController), 'store')
#3 E:\\xampp_New_Installation\\htdocs\\lab17laravel\\vendor\\laravel\\framework\\src\\Illuminate\\Routing\\Route.php(204): Illuminate\\Routing\\Route->runController()
#4 E:\\xampp_New_Installation\\htdocs\\lab17laravel\\vendor\\laravel\\framework\\src\\Illuminate\\Routing\\Router.php(725): Illuminate\\Routing\\Route->run()
#5 E:\\xampp_New_Installation\\htdocs\\lab17laravel\\vendor\\laravel\\framework\\src\\Illuminate\\Pipeline\\Pipeline.php(141): Illuminate\\Routing\\Router->Illuminate\\Routing\\{closure}(Object(Illuminate\\Http\\Request))
#6 E:\\xampp_New_Installation\\htdocs\\lab17laravel\\vendor\\laravel\\framework\\src\\Illuminate\\Routing\\Middleware\\SubstituteBindings.php(50): Illuminate\\Pipeline\\Pipeline->Illuminate\\Pipeline\\{closure}(Object(Illuminate\\Http\\Request))
#7 E:\\xampp_New_Installation\\htdocs\\lab17laravel\\vendor\\laravel\\framework\\src\\Illuminate\\Pipeline\\Pipeline.php(180): Illuminate\\Routing\\Middleware\\SubstituteBindings->handle(Object(Illuminate\\Http\\Request), Object(Closure))
#8 E:\\xampp_New_Installation\\htdocs\\lab17laravel\\vendor\\laravel\\framework\\src\\Illuminate\\Foundation\\Http\\Middleware\\VerifyCsrfToken.php(78): Illuminate\\Pipeline\\Pipeline->Illuminate\\Pipeline\\{closure}(Object(Illuminate\\Http\\Request))
#9 E:\\xampp_New_Installation\\htdocs\\lab17laravel\\vendor\\laravel\\framework\\src\\Illuminate\\Pipeline\\Pipeline.php(180): Illuminate\\Foundation\\Http\\Middleware\\VerifyCsrfToken->handle(Object(Illuminate\\Http\\Request), Object(Closure))
#10 E:\\xampp_New_Installation\\htdocs\\lab17laravel\\vendor\\laravel\\framework\\src\\Illuminate\\View\\Middleware\\ShareErrorsFromSession.php(49): Illuminate\\Pipeline\\Pipeline->Illuminate\\Pipeline\\{closure}(Object(Illuminate\\Http\\Request))
#11 E:\\xampp_New_Installation\\htdocs\\lab17laravel\\vendor\\laravel\\framework\\src\\Illuminate\\Pipeline\\Pipeline.php(180): Illuminate\\View\\Middleware\\ShareErrorsFromSession->handle(Object(Illuminate\\Http\\Request), Object(Closure))
#12 E:\\xampp_New_Installation\\htdocs\\lab17laravel\\vendor\\laravel\\framework\\src\\Illuminate\\Session\\Middleware\\StartSession.php(121): Illuminate\\Pipeline\\Pipeline->Illuminate\\Pipeline\\{closure}(Object(Illuminate\\Http\\Request))
#13 E:\\xampp_New_Installation\\htdocs\\lab17laravel\\vendor\\laravel\\framework\\src\\Illuminate\\Session\\Middleware\\StartSession.php(64): Illuminate\\Session\\Middleware\\StartSession->handleStatefulRequest(Object(Illuminate\\Http\\Request), Object(Illuminate\\Session\\Store), Object(Closure))
#14 E:\\xampp_New_Installation\\htdocs\\lab17laravel\\vendor\\laravel\\framework\\src\\Illuminate\\Pipeline\\Pipeline.php(180): Illuminate\\Session\\Middleware\\StartSession->handle(Object(Illuminate\\Http\\Request), Object(Closure))
#15 E:\\xampp_New_Installation\\htdocs\\lab17laravel\\vendor\\laravel\\framework\\src\\Illuminate\\Cookie\\Middleware\\AddQueuedCookiesToResponse.php(37): Illuminate\\Pipeline\\Pipeline->Illuminate\\Pipeline\\{closure}(Object(Illuminate\\Http\\Request))
#16 E:\\xampp_New_Installation\\htdocs\\lab17laravel\\vendor\\laravel\\framework\\src\\Illuminate\\Pipeline\\Pipeline.php(180): Illuminate\\Cookie\\Middleware\\AddQueuedCookiesToResponse->handle(Object(Illuminate\\Http\\Request), Object(Closure))
#17 E:\\xampp_New_Installation\\htdocs\\lab17laravel\\vendor\\laravel\\framework\\src\\Illuminate\\Cookie\\Middleware\\EncryptCookies.php(67): Illuminate\\Pipeline\\Pipeline->Illuminate\\Pipeline\\{closure}(Object(Illuminate\\Http\\Request))
#18 E:\\xampp_New_Installation\\htdocs\\lab17laravel\\vendor\\laravel\\framework\\src\\Illuminate\\Pipeline\\Pipeline.php(180): Illuminate\\Cookie\\Middleware\\EncryptCookies->handle(Object(Illuminate\\Http\\Request), Object(Closure))
#19 E:\\xampp_New_Installation\\htdocs\\lab17laravel\\vendor\\laravel\\framework\\src\\Illuminate\\Pipeline\\Pipeline.php(116): Illuminate\\Pipeline\\Pipeline->Illuminate\\Pipeline\\{closure}(Object(Illuminate\\Http\\Request))
#20 E:\\xampp_New_Installation\\htdocs\\lab17laravel\\vendor\\laravel\\framework\\src\\Illuminate\\Routing\\Router.php(726): Illuminate\\Pipeline\\Pipeline->then(Object(Closure))
#21 E:\\xampp_New_Installation\\htdocs\\lab17laravel\\vendor\\laravel\\framework\\src\\Illuminate\\Routing\\Router.php(703): Illuminate\\Routing\\Router->runRouteWithinStack(Object(Illuminate\\Routing\\Route), Object(Illuminate\\Http\\Request))
#22 E:\\xampp_New_Installation\\htdocs\\lab17laravel\\vendor\\laravel\\framework\\src\\Illuminate\\Routing\\Router.php(667): Illuminate\\Routing\\Router->runRoute(Object(Illuminate\\Http\\Request), Object(Illuminate\\Routing\\Route))
#23 E:\\xampp_New_Installation\\htdocs\\lab17laravel\\vendor\\laravel\\framework\\src\\Illuminate\\Routing\\Router.php(656): Illuminate\\Routing\\Router->dispatchToRoute(Object(Illuminate\\Http\\Request))
#24 E:\\xampp_New_Installation\\htdocs\\lab17laravel\\vendor\\laravel\\framework\\src\\Illuminate\\Foundation\\Http\\Kernel.php(167): Illuminate\\Routing\\Router->dispatch(Object(Illuminate\\Http\\Request))
#25 E:\\xampp_New_Installation\\htdocs\\lab17laravel\\vendor\\laravel\\framework\\src\\Illuminate\\Pipeline\\Pipeline.php(141): Illuminate\\Foundation\\Http\\Kernel->Illuminate\\Foundation\\Http\\{closure}(Object(Illuminate\\Http\\Request))
#26 E:\\xampp_New_Installation\\htdocs\\lab17laravel\\vendor\\laravel\\framework\\src\\Illuminate\\Foundation\\Http\\Middleware\\TransformsRequest.php(21): Illuminate\\Pipeline\\Pipeline->Illuminate\\Pipeline\\{closure}(Object(Illuminate\\Http\\Request))
#27 E:\\xampp_New_Installation\\htdocs\\lab17laravel\\vendor\\laravel\\framework\\src\\Illuminate\\Foundation\\Http\\Middleware\\ConvertEmptyStringsToNull.php(31): Illuminate\\Foundation\\Http\\Middleware\\TransformsRequest->handle(Object(Illuminate\\Http\\Request), Object(Closure))
#28 E:\\xampp_New_Installation\\htdocs\\lab17laravel\\vendor\\laravel\\framework\\src\\Illuminate\\Pipeline\\Pipeline.php(180): Illuminate\\Foundation\\Http\\Middleware\\ConvertEmptyStringsToNull->handle(Object(Illuminate\\Http\\Request), Object(Closure))
#29 E:\\xampp_New_Installation\\htdocs\\lab17laravel\\vendor\\laravel\\framework\\src\\Illuminate\\Foundation\\Http\\Middleware\\TransformsRequest.php(21): Illuminate\\Pipeline\\Pipeline->Illuminate\\Pipeline\\{closure}(Object(Illuminate\\Http\\Request))
#30 E:\\xampp_New_Installation\\htdocs\\lab17laravel\\vendor\\laravel\\framework\\src\\Illuminate\\Foundation\\Http\\Middleware\\TrimStrings.php(40): Illuminate\\Foundation\\Http\\Middleware\\TransformsRequest->handle(Object(Illuminate\\Http\\Request), Object(Closure))
#31 E:\\xampp_New_Installation\\htdocs\\lab17laravel\\vendor\\laravel\\framework\\src\\Illuminate\\Pipeline\\Pipeline.php(180): Illuminate\\Foundation\\Http\\Middleware\\TrimStrings->handle(Object(Illuminate\\Http\\Request), Object(Closure))
#32 E:\\xampp_New_Installation\\htdocs\\lab17laravel\\vendor\\laravel\\framework\\src\\Illuminate\\Foundation\\Http\\Middleware\\ValidatePostSize.php(27): Illuminate\\Pipeline\\Pipeline->Illuminate\\Pipeline\\{closure}(Object(Illuminate\\Http\\Request))
#33 E:\\xampp_New_Installation\\htdocs\\lab17laravel\\vendor\\laravel\\framework\\src\\Illuminate\\Pipeline\\Pipeline.php(180): Illuminate\\Foundation\\Http\\Middleware\\ValidatePostSize->handle(Object(Illuminate\\Http\\Request), Object(Closure))
#34 E:\\xampp_New_Installation\\htdocs\\lab17laravel\\vendor\\laravel\\framework\\src\\Illuminate\\Foundation\\Http\\Middleware\\PreventRequestsDuringMaintenance.php(86): Illuminate\\Pipeline\\Pipeline->Illuminate\\Pipeline\\{closure}(Object(Illuminate\\Http\\Request))
#35 E:\\xampp_New_Installation\\htdocs\\lab17laravel\\vendor\\laravel\\framework\\src\\Illuminate\\Pipeline\\Pipeline.php(180): Illuminate\\Foundation\\Http\\Middleware\\PreventRequestsDuringMaintenance->handle(Object(Illuminate\\Http\\Request), Object(Closure))
#36 E:\\xampp_New_Installation\\htdocs\\lab17laravel\\vendor\\laravel\\framework\\src\\Illuminate\\Http\\Middleware\\HandleCors.php(49): Illuminate\\Pipeline\\Pipeline->Illuminate\\Pipeline\\{closure}(Object(Illuminate\\Http\\Request))
#37 E:\\xampp_New_Installation\\htdocs\\lab17laravel\\vendor\\laravel\\framework\\src\\Illuminate\\Pipeline\\Pipeline.php(180): Illuminate\\Http\\Middleware\\HandleCors->handle(Object(Illuminate\\Http\\Request), Object(Closure))
#38 E:\\xampp_New_Installation\\htdocs\\lab17laravel\\vendor\\laravel\\framework\\src\\Illuminate\\Http\\Middleware\\TrustProxies.php(39): Illuminate\\Pipeline\\Pipeline->Illuminate\\Pipeline\\{closure}(Object(Illuminate\\Http\\Request))
#39 E:\\xampp_New_Installation\\htdocs\\lab17laravel\\vendor\\laravel\\framework\\src\\Illuminate\\Pipeline\\Pipeline.php(180): Illuminate\\Http\\Middleware\\TrustProxies->handle(Object(Illuminate\\Http\\Request), Object(Closure))
#40 E:\\xampp_New_Installation\\htdocs\\lab17laravel\\vendor\\laravel\\framework\\src\\Illuminate\\Pipeline\\Pipeline.php(116): Illuminate\\Pipeline\\Pipeline->Illuminate\\Pipeline\\{closure}(Object(Illuminate\\Http\\Request))
#41 E:\\xampp_New_Installation\\htdocs\\lab17laravel\\vendor\\laravel\\framework\\src\\Illuminate\\Foundation\\Http\\Kernel.php(142): Illuminate\\Pipeline\\Pipeline->then(Object(Closure))
#42 E:\\xampp_New_Installation\\htdocs\\lab17laravel\\vendor\\laravel\\framework\\src\\Illuminate\\Foundation\\Http\\Kernel.php(111): Illuminate\\Foundation\\Http\\Kernel->sendRequestThroughRouter(Object(Illuminate\\Http\\Request))
#43 E:\\xampp_New_Installation\\htdocs\\lab17laravel\\public\\index.php(52): Illuminate\\Foundation\\Http\\Kernel->handle(Object(Illuminate\\Http\\Request))
#44 E:\\xampp_New_Installation\\htdocs\\lab17laravel\\vendor\\laravel\\framework\\src\\Illuminate\\Foundation\\resources\\server.php(16): require_once('E:\\\\xampp_New_In...')
#45 {main}
"} 
[2022-08-07 14:42:36] local.ERROR: Symfony\Component\Routing\Route::sanitizeRequirement(): Argument #2 ($regex) must be of type string, null given, called in E:\xampp_New_Installation\htdocs\lab17laravel\vendor\symfony\routing\Route.php on line 346 {"exception":"[object] (TypeError(code: 0): Symfony\\Component\\Routing\\Route::sanitizeRequirement(): Argument #2 ($regex) must be of type string, null given, called in E:\\xampp_New_Installation\\htdocs\\lab17laravel\\vendor\\symfony\\routing\\Route.php on line 346 at E:\\xampp_New_Installation\\htdocs\\lab17laravel\\vendor\\symfony\\routing\\Route.php:431)
[stacktrace]
#0 E:\\xampp_New_Installation\\htdocs\\lab17laravel\\vendor\\symfony\\routing\\Route.php(346): Symfony\\Component\\Routing\\Route->sanitizeRequirement('id,[0-9]+', NULL)
#1 E:\\xampp_New_Installation\\htdocs\\lab17laravel\\vendor\\symfony\\routing\\Route.php(53): Symfony\\Component\\Routing\\Route->addRequirements(Array)
#2 E:\\xampp_New_Installation\\htdocs\\lab17laravel\\vendor\\laravel\\framework\\src\\Illuminate\\Routing\\Route.php(1221): Symfony\\Component\\Routing\\Route->__construct('users/{id}', Array, Array, Array, '', Array, Array)
#3 E:\\xampp_New_Installation\\htdocs\\lab17laravel\\vendor\\laravel\\framework\\src\\Illuminate\\Routing\\Route.php(343): Illuminate\\Routing\\Route->toSymfonyRoute()
#4 E:\\xampp_New_Installation\\htdocs\\lab17laravel\\vendor\\laravel\\framework\\src\\Illuminate\\Routing\\Route.php(320): Illuminate\\Routing\\Route->compileRoute()
#5 E:\\xampp_New_Installation\\htdocs\\lab17laravel\\vendor\\laravel\\framework\\src\\Illuminate\\Routing\\AbstractRouteCollection.php(83): Illuminate\\Routing\\Route->matches(Object(Illuminate\\Http\\Request), true)
#6 E:\\xampp_New_Installation\\htdocs\\lab17laravel\\vendor\\laravel\\framework\\src\\Illuminate\\Collections\\Arr.php(201): Illuminate\\Routing\\AbstractRouteCollection->Illuminate\\Routing\\{closure}(Object(Illuminate\\Routing\\Route), 'users/{id}')
#7 E:\\xampp_New_Installation\\htdocs\\lab17laravel\\vendor\\laravel\\framework\\src\\Illuminate\\Collections\\Collection.php(385): Illuminate\\Support\\Arr::first(Array, Object(Closure), NULL)
#8 E:\\xampp_New_Installation\\htdocs\\lab17laravel\\vendor\\laravel\\framework\\src\\Illuminate\\Routing\\AbstractRouteCollection.php(84): Illuminate\\Support\\Collection->first(Object(Closure))
#9 E:\\xampp_New_Installation\\htdocs\\lab17laravel\\vendor\\laravel\\framework\\src\\Illuminate\\Routing\\RouteCollection.php(160): Illuminate\\Routing\\AbstractRouteCollection->matchAgainstRoutes(Object(Illuminate\\Support\\Collection), Object(Illuminate\\Http\\Request))
#10 E:\\xampp_New_Installation\\htdocs\\lab17laravel\\vendor\\laravel\\framework\\src\\Illuminate\\Routing\\Router.php(680): Illuminate\\Routing\\RouteCollection->match(Object(Illuminate\\Http\\Request))
#11 E:\\xampp_New_Installation\\htdocs\\lab17laravel\\vendor\\laravel\\framework\\src\\Illuminate\\Routing\\Router.php(667): Illuminate\\Routing\\Router->findRoute(Object(Illuminate\\Http\\Request))
#12 E:\\xampp_New_Installation\\htdocs\\lab17laravel\\vendor\\laravel\\framework\\src\\Illuminate\\Routing\\Router.php(656): Illuminate\\Routing\\Router->dispatchToRoute(Object(Illuminate\\Http\\Request))
#13 E:\\xampp_New_Installation\\htdocs\\lab17laravel\\vendor\\laravel\\framework\\src\\Illuminate\\Foundation\\Http\\Kernel.php(167): Illuminate\\Routing\\Router->dispatch(Object(Illuminate\\Http\\Request))
#14 E:\\xampp_New_Installation\\htdocs\\lab17laravel\\vendor\\laravel\\framework\\src\\Illuminate\\Pipeline\\Pipeline.php(141): Illuminate\\Foundation\\Http\\Kernel->Illuminate\\Foundation\\Http\\{closure}(Object(Illuminate\\Http\\Request))
#15 E:\\xampp_New_Installation\\htdocs\\lab17laravel\\vendor\\laravel\\framework\\src\\Illuminate\\Foundation\\Http\\Middleware\\TransformsRequest.php(21): Illuminate\\Pipeline\\Pipeline->Illuminate\\Pipeline\\{closure}(Object(Illuminate\\Http\\Request))
#16 E:\\xampp_New_Installation\\htdocs\\lab17laravel\\vendor\\laravel\\framework\\src\\Illuminate\\Foundation\\Http\\Middleware\\ConvertEmptyStringsToNull.php(31): Illuminate\\Foundation\\Http\\Middleware\\TransformsRequest->handle(Object(Illuminate\\Http\\Request), Object(Closure))
#17 E:\\xampp_New_Installation\\htdocs\\lab17laravel\\vendor\\laravel\\framework\\src\\Illuminate\\Pipeline\\Pipeline.php(180): Illuminate\\Foundation\\Http\\Middleware\\ConvertEmptyStringsToNull->handle(Object(Illuminate\\Http\\Request), Object(Closure))
#18 E:\\xampp_New_Installation\\htdocs\\lab17laravel\\vendor\\laravel\\framework\\src\\Illuminate\\Foundation\\Http\\Middleware\\TransformsRequest.php(21): Illuminate\\Pipeline\\Pipeline->Illuminate\\Pipeline\\{closure}(Object(Illuminate\\Http\\Request))
#19 E:\\xampp_New_Installation\\htdocs\\lab17laravel\\vendor\\laravel\\framework\\src\\Illuminate\\Foundation\\Http\\Middleware\\TrimStrings.php(40): Illuminate\\Foundation\\Http\\Middleware\\TransformsRequest->handle(Object(Illuminate\\Http\\Request), Object(Closure))
#20 E:\\xampp_New_Installation\\htdocs\\lab17laravel\\vendor\\laravel\\framework\\src\\Illuminate\\Pipeline\\Pipeline.php(180): Illuminate\\Foundation\\Http\\Middleware\\TrimStrings->handle(Object(Illuminate\\Http\\Request), Object(Closure))
#21 E:\\xampp_New_Installation\\htdocs\\lab17laravel\\vendor\\laravel\\framework\\src\\Illuminate\\Foundation\\Http\\Middleware\\ValidatePostSize.php(27): Illuminate\\Pipeline\\Pipeline->Illuminate\\Pipeline\\{closure}(Object(Illuminate\\Http\\Request))
#22 E:\\xampp_New_Installation\\htdocs\\lab17laravel\\vendor\\laravel\\framework\\src\\Illuminate\\Pipeline\\Pipeline.php(180): Illuminate\\Foundation\\Http\\Middleware\\ValidatePostSize->handle(Object(Illuminate\\Http\\Request), Object(Closure))
#23 E:\\xampp_New_Installation\\htdocs\\lab17laravel\\vendor\\laravel\\framework\\src\\Illuminate\\Foundation\\Http\\Middleware\\PreventRequestsDuringMaintenance.php(86): Illuminate\\Pipeline\\Pipeline->Illuminate\\Pipeline\\{closure}(Object(Illuminate\\Http\\Request))
#24 E:\\xampp_New_Installation\\htdocs\\lab17laravel\\vendor\\laravel\\framework\\src\\Illuminate\\Pipeline\\Pipeline.php(180): Illuminate\\Foundation\\Http\\Middleware\\PreventRequestsDuringMaintenance->handle(Object(Illuminate\\Http\\Request), Object(Closure))
#25 E:\\xampp_New_Installation\\htdocs\\lab17laravel\\vendor\\laravel\\framework\\src\\Illuminate\\Http\\Middleware\\HandleCors.php(49): Illuminate\\Pipeline\\Pipeline->Illuminate\\Pipeline\\{closure}(Object(Illuminate\\Http\\Request))
#26 E:\\xampp_New_Installation\\htdocs\\lab17laravel\\vendor\\laravel\\framework\\src\\Illuminate\\Pipeline\\Pipeline.php(180): Illuminate\\Http\\Middleware\\HandleCors->handle(Object(Illuminate\\Http\\Request), Object(Closure))
#27 E:\\xampp_New_Installation\\htdocs\\lab17laravel\\vendor\\laravel\\framework\\src\\Illuminate\\Http\\Middleware\\TrustProxies.php(39): Illuminate\\Pipeline\\Pipeline->Illuminate\\Pipeline\\{closure}(Object(Illuminate\\Http\\Request))
#28 E:\\xampp_New_Installation\\htdocs\\lab17laravel\\vendor\\laravel\\framework\\src\\Illuminate\\Pipeline\\Pipeline.php(180): Illuminate\\Http\\Middleware\\TrustProxies->handle(Object(Illuminate\\Http\\Request), Object(Closure))
#29 E:\\xampp_New_Installation\\htdocs\\lab17laravel\\vendor\\laravel\\framework\\src\\Illuminate\\Pipeline\\Pipeline.php(116): Illuminate\\Pipeline\\Pipeline->Illuminate\\Pipeline\\{closure}(Object(Illuminate\\Http\\Request))
#30 E:\\xampp_New_Installation\\htdocs\\lab17laravel\\vendor\\laravel\\framework\\src\\Illuminate\\Foundation\\Http\\Kernel.php(142): Illuminate\\Pipeline\\Pipeline->then(Object(Closure))
#31 E:\\xampp_New_Installation\\htdocs\\lab17laravel\\vendor\\laravel\\framework\\src\\Illuminate\\Foundation\\Http\\Kernel.php(111): Illuminate\\Foundation\\Http\\Kernel->sendRequestThroughRouter(Object(Illuminate\\Http\\Request))
#32 E:\\xampp_New_Installation\\htdocs\\lab17laravel\\public\\index.php(52): Illuminate\\Foundation\\Http\\Kernel->handle(Object(Illuminate\\Http\\Request))
#33 E:\\xampp_New_Installation\\htdocs\\lab17laravel\\vendor\\laravel\\framework\\src\\Illuminate\\Foundation\\resources\\server.php(16): require_once('E:\\\\xampp_New_In...')
#34 {main}
"} 
